  [4;36;1mSQL (0.5ms)[0m   [0;1m SELECT name
 FROM sqlite_master
 WHERE type = 'table' AND NOT name = 'sqlite_sequence'
[0m
  [4;35;1mSQL (0.2ms)[0m   [0mselect sqlite_version(*)[0m
  [4;36;1mSQL (5.6ms)[0m   [0;1mCREATE TABLE "schema_migrations" ("version" varchar(255) NOT NULL) [0m
  [4;35;1mSQL (3.1ms)[0m   [0mCREATE UNIQUE INDEX "unique_schema_migrations" ON "schema_migrations" ("version")[0m
  [4;36;1mSQL (0.5ms)[0m   [0;1m SELECT name
 FROM sqlite_master
 WHERE type = 'table' AND NOT name = 'sqlite_sequence'
[0m
  [4;35;1mSQL (0.5ms)[0m   [0m SELECT name
 FROM sqlite_master
 WHERE type = 'table' AND NOT name = 'sqlite_sequence'
[0m
  [4;36;1mSQL (0.3ms)[0m   [0;1mSELECT version FROM schema_migrations[0m
  [4;35;1mSQL (0.5ms)[0m   [0m SELECT name
 FROM sqlite_master
 WHERE type = 'table' AND NOT name = 'sqlite_sequence'
[0m
  [4;36;1mSQL (0.5ms)[0m   [0;1m SELECT name
 FROM sqlite_master
 WHERE type = 'table' AND NOT name = 'sqlite_sequence'
[0m
  [4;35;1mSQL (0.1ms)[0m   [0mSELECT version FROM schema_migrations[0m
Migrating to CreateGames (20091117111632)
  [4;36;1mSQL (0.2ms)[0m   [0;1mselect sqlite_version(*)[0m
  [4;35;1mSQL (5.0ms)[0m   [0mCREATE TABLE "games" ("id" INTEGER PRIMARY KEY AUTOINCREMENT NOT NULL, "name" varchar(255), "description" varchar(255), "created_by" varchar(255), "created_at" datetime, "updated_at" datetime) [0m
  [4;36;1mSQL (29.2ms)[0m   [0;1mINSERT INTO schema_migrations (version) VALUES ('20091117111632')[0m
  [4;35;1mSQL (0.6ms)[0m   [0m SELECT name
 FROM sqlite_master
 WHERE type = 'table' AND NOT name = 'sqlite_sequence'
[0m
  [4;36;1mSQL (0.5ms)[0m   [0;1mSELECT version FROM schema_migrations[0m
  [4;35;1mSQL (0.6ms)[0m   [0m SELECT name
 FROM sqlite_master
 WHERE type = 'table' AND NOT name = 'sqlite_sequence'
[0m
  [4;36;1mSQL (0.1ms)[0m   [0;1mPRAGMA index_list("games")[0m


Processing GamesController#index (for 127.0.0.1 at 2009-11-17 11:23:03) [GET]
  [4;36;1mGame Load (0.6ms)[0m   [0;1mSELECT * FROM "games" [0m
Rendering template within layouts/games
Rendering games/index
Completed in 16ms (View: 5, DB: 1) | 200 OK [http://localhost/games]


Processing GamesController#new (for 127.0.0.1 at 2009-11-17 11:23:30) [GET]
Rendering template within layouts/games
Rendering games/new
Completed in 21ms (View: 11, DB: 0) | 200 OK [http://localhost/games/new]


Processing GamesController#create (for 127.0.0.1 at 2009-11-17 11:24:00) [POST]
  Parameters: {"game"=>{"name"=>"WarCraft", "created_by"=>"Siwei", "description"=>"Online Game"}, "commit"=>"Create", "authenticity_token"=>"39ec1a798914e6847c54d073b6f5cff805f051ee"}
  [4;35;1mGame Create (1.2ms)[0m   [0mINSERT INTO "games" ("name", "created_at", "updated_at", "created_by", "description") VALUES('WarCraft', '2009-11-17 11:24:00', '2009-11-17 11:24:00', 'Siwei', 'Online Game')[0m
Redirected to #<Game:0xb6dfbd88>
Completed in 20ms (DB: 1) | 302 Found [http://localhost/games]


Processing GamesController#show (for 127.0.0.1 at 2009-11-17 11:24:00) [GET]
  Parameters: {"id"=>"1"}
  [4;36;1mGame Load (0.3ms)[0m   [0;1mSELECT * FROM "games" WHERE ("games"."id" = 1) [0m
Rendering template within layouts/games
Rendering games/show
Completed in 15ms (View: 5, DB: 0) | 200 OK [http://localhost/games/1]


Processing GamesController#index (for 127.0.0.1 at 2009-11-17 11:35:35) [GET]
  [4;35;1mGame Load (0.6ms)[0m   [0mSELECT * FROM "games" [0m
Rendering template within layouts/games
Rendering games/index
Completed in 53ms (View: 44, DB: 1) | 200 OK [http://localhost/games]


Processing GamesController#new (for 127.0.0.1 at 2009-11-17 11:35:38) [GET]
Rendering template within layouts/games
Rendering games/new
Completed in 22ms (View: 10, DB: 0) | 200 OK [http://localhost/games/new]


Processing GamesController#create (for 127.0.0.1 at 2009-11-17 11:35:46) [POST]
  Parameters: {"game"=>{"name"=>"WarCraft", "created_by"=>"", "description"=>""}, "commit"=>"Create", "authenticity_token"=>"39ec1a798914e6847c54d073b6f5cff805f051ee"}
  [4;36;1mGame Exists (0.3ms)[0m   [0;1mSELECT "games".id FROM "games" WHERE ("games"."name" = 'WarCraft') LIMIT 1[0m
Rendering template within layouts/games
Rendering games/new
Completed in 68ms (View: 10, DB: 0) | 200 OK [http://localhost/games]


Processing GamesController#create (for 127.0.0.1 at 2009-11-17 11:36:05) [POST]
  Parameters: {"game"=>{"name"=>"", "created_by"=>"", "description"=>""}, "commit"=>"Create", "authenticity_token"=>"39ec1a798914e6847c54d073b6f5cff805f051ee"}
  [4;35;1mGame Exists (0.2ms)[0m   [0mSELECT "games".id FROM "games" WHERE ("games"."name" = '') LIMIT 1[0m
Rendering template within layouts/games
Rendering games/new
Completed in 29ms (View: 11, DB: 0) | 200 OK [http://localhost/games]


Processing GamesController#index (for 127.0.0.1 at 2009-11-17 12:03:54) [GET]
  [4;36;1mGame Load (0.7ms)[0m   [0;1mSELECT * FROM "games" [0m
Rendering template within layouts/games
Rendering games/index
Completed in 40ms (View: 20, DB: 1) | 200 OK [http://localhost/games]


Processing GamesController#new (for 127.0.0.1 at 2009-11-17 12:04:01) [GET]
Rendering template within layouts/games
Rendering games/new
Completed in 21ms (View: 10, DB: 0) | 200 OK [http://localhost/games/new]


Processing GamesController#create (for 127.0.0.1 at 2009-11-17 12:04:31) [POST]
  Parameters: {"game"=>{"name"=>"CS", "created_by"=>"Siwei", "description"=>"Shooting Game"}, "commit"=>"Create", "authenticity_token"=>"39ec1a798914e6847c54d073b6f5cff805f051ee"}
  [4;35;1mGame Exists (0.2ms)[0m   [0mSELECT "games".id FROM "games" WHERE ("games"."name" = 'CS') LIMIT 1[0m
  [4;36;1mGame Create (0.4ms)[0m   [0;1mINSERT INTO "games" ("name", "created_at", "updated_at", "created_by", "description") VALUES('CS', '2009-11-17 12:04:31', '2009-11-17 12:04:31', 'Siwei', 'Shooting Game')[0m
Redirected to #<Game:0xb6dd3c20>
Completed in 24ms (DB: 1) | 302 Found [http://localhost/games]


Processing GamesController#show (for 127.0.0.1 at 2009-11-17 12:04:31) [GET]
  Parameters: {"id"=>"2"}
  [4;35;1mGame Load (0.5ms)[0m   [0mSELECT * FROM "games" WHERE ("games"."id" = 2) [0m
Rendering template within layouts/games
Rendering games/show
Completed in 17ms (View: 6, DB: 0) | 200 OK [http://localhost/games/2]


Processing GamesController#index (for 127.0.0.1 at 2009-11-17 12:04:38) [GET]
  [4;36;1mGame Load (0.9ms)[0m   [0;1mSELECT * FROM "games" [0m
Rendering template within layouts/games
Rendering games/index
Completed in 56ms (View: 46, DB: 1) | 200 OK [http://localhost/games]


Processing GamesController#index (for 127.0.0.1 at 2009-11-17 12:06:41) [GET]
  [4;35;1mGame Load (1.0ms)[0m   [0mSELECT * FROM "games" [0m
Rendering template within layouts/games
Rendering games/index
Completed in 29ms (View: 18, DB: 1) | 200 OK [http://localhost/games]


Processing GamesController#index (for 127.0.0.1 at 2009-11-17 12:07:20) [GET]
  [4;36;1mGame Load (0.9ms)[0m   [0;1mSELECT * FROM "games" [0m
Rendering template within layouts/games
Rendering games/index
Completed in 28ms (View: 18, DB: 1) | 200 OK [http://localhost/games]


Processing GamesController#index (for 127.0.0.1 at 2009-11-17 12:07:22) [GET]
  [4;35;1mGame Load (1.1ms)[0m   [0mSELECT * FROM "games" [0m
Rendering template within layouts/games
Rendering games/index
Completed in 36ms (View: 27, DB: 1) | 200 OK [http://localhost/games]


Processing GamesController#index (for 127.0.0.1 at 2009-11-17 12:08:24) [GET]
  [4;36;1mGame Load (1.2ms)[0m   [0;1mSELECT * FROM "games" [0m
Rendering template within layouts/games
Rendering games/index
Completed in 28ms (View: 18, DB: 1) | 200 OK [http://localhost/games]


Processing GamesController#index (for 127.0.0.1 at 2009-11-17 12:08:26) [GET]
  [4;35;1mGame Load (1.0ms)[0m   [0mSELECT * FROM "games" [0m
Rendering template within layouts/games
Rendering games/index
Completed in 28ms (View: 18, DB: 1) | 200 OK [http://localhost/games]


Processing GamesController#index (for 127.0.0.1 at 2009-11-17 12:08:27) [GET]
  [4;36;1mGame Load (0.8ms)[0m   [0;1mSELECT * FROM "games" [0m
Rendering template within layouts/games
Rendering games/index
Completed in 26ms (View: 16, DB: 1) | 200 OK [http://localhost/games]


Processing GamesController#index (for 127.0.0.1 at 2009-11-17 12:08:28) [GET]
  [4;35;1mGame Load (0.8ms)[0m   [0mSELECT * FROM "games" [0m
Rendering template within layouts/games
Rendering games/index
Completed in 37ms (View: 26, DB: 1) | 200 OK [http://localhost/games]


Processing GamesController#index (for 127.0.0.1 at 2009-11-17 12:08:59) [GET]
  [4;36;1mGame Load (1.0ms)[0m   [0;1mSELECT * FROM "games" [0m
Rendering template within layouts/games
Rendering games/index
Completed in 28ms (View: 18, DB: 1) | 200 OK [http://localhost/games]


Processing GamesController#index (for 127.0.0.1 at 2009-11-17 12:11:40) [GET]
  [4;35;1mGame Load (1.0ms)[0m   [0mSELECT * FROM "games" [0m
Rendering template within layouts/games
Rendering games/index
Completed in 27ms (View: 17, DB: 1) | 200 OK [http://localhost/games]


Processing GamesController#index (for 127.0.0.1 at 2009-11-17 12:13:15) [GET]
  [4;36;1mGame Load (0.7ms)[0m   [0;1mSELECT * FROM "games" [0m
Rendering template within layouts/games
Rendering games/index
Completed in 63ms (View: 46, DB: 1) | 200 OK [http://localhost/games]


Processing GamesController#index (for 127.0.0.1 at 2009-11-17 12:14:32) [GET]
  [4;35;1mGame Load (7.5ms)[0m   [0mSELECT * FROM "games" [0m
Rendering template within layouts/games
Rendering games/index
Completed in 36ms (View: 20, DB: 7) | 200 OK [http://localhost/games]


Processing GamesController#index (for 127.0.0.1 at 2009-11-17 12:14:59) [GET]
  [4;36;1mGame Load (0.7ms)[0m   [0;1mSELECT * FROM "games" [0m
Rendering template within layouts/games
Rendering games/index
Completed in 89ms (View: 16, DB: 1) | 200 OK [http://localhost/games]


Processing GamesController#index (for 127.0.0.1 at 2009-11-17 12:15:48) [GET]
  [4;35;1mGame Load (0.8ms)[0m   [0mSELECT * FROM "games" [0m
Rendering template within layouts/games
Rendering games/index
Completed in 35ms (View: 25, DB: 1) | 200 OK [http://localhost/games]


Processing GamesController#index (for 127.0.0.1 at 2009-11-17 12:15:52) [GET]
  [4;36;1mGame Load (0.8ms)[0m   [0;1mSELECT * FROM "games" [0m
Rendering template within layouts/games
Rendering games/index
Completed in 30ms (View: 20, DB: 1) | 200 OK [http://localhost/games]


Processing GamesController#index (for 127.0.0.1 at 2009-11-17 12:17:23) [GET]
  [4;35;1mGame Load (0.8ms)[0m   [0mSELECT * FROM "games" [0m
Rendering template within layouts/games
Rendering games/index
Completed in 27ms (View: 17, DB: 1) | 200 OK [http://localhost/games]


Processing GamesController#index (for 127.0.0.1 at 2009-11-17 12:18:01) [GET]
  [4;36;1mGame Load (0.7ms)[0m   [0;1mSELECT * FROM "games" [0m
Rendering template within layouts/games
Rendering games/index
Completed in 26ms (View: 17, DB: 1) | 200 OK [http://localhost/games]


Processing GamesController#index (for 127.0.0.1 at 2009-11-17 12:19:04) [GET]
  [4;35;1mGame Load (0.7ms)[0m   [0mSELECT * FROM "games" [0m
Rendering template within layouts/games
Rendering games/index
Completed in 37ms (View: 15, DB: 1) | 200 OK [http://localhost/games]


Processing GamesController#index (for 127.0.0.1 at 2009-11-17 12:19:19) [GET]
  [4;36;1mGame Load (0.8ms)[0m   [0;1mSELECT * FROM "games" [0m
Rendering template within layouts/games
Rendering games/index
Completed in 98ms (View: 88, DB: 1) | 200 OK [http://localhost/games]


Processing GamesController#index (for 127.0.0.1 at 2009-11-17 12:19:24) [GET]
  [4;35;1mGame Load (0.9ms)[0m   [0mSELECT * FROM "games" [0m
Rendering template within layouts/games
Rendering games/index
Completed in 29ms (View: 19, DB: 1) | 200 OK [http://localhost/games]


Processing GamesController#index (for 127.0.0.1 at 2009-11-17 12:19:37) [GET]
  [4;36;1mGame Load (1.0ms)[0m   [0;1mSELECT * FROM "games" [0m
Rendering template within layouts/games
Rendering games/index
Completed in 28ms (View: 18, DB: 1) | 200 OK [http://localhost/games]


Processing GamesController#index (for 127.0.0.1 at 2009-11-17 12:19:41) [GET]
  [4;35;1mGame Load (0.9ms)[0m   [0mSELECT * FROM "games" [0m
Rendering template within layouts/games
Rendering games/index
Completed in 30ms (View: 20, DB: 1) | 200 OK [http://localhost/games]


Processing GamesController#index (for 127.0.0.1 at 2009-11-17 12:19:59) [GET]
  [4;36;1mGame Load (0.7ms)[0m   [0;1mSELECT * FROM "games" [0m
Rendering template within layouts/games
Rendering games/index
Completed in 57ms (View: 49, DB: 1) | 200 OK [http://localhost/games]


Processing GamesController#index (for 127.0.0.1 at 2009-11-17 12:20:18) [GET]
  [4;35;1mGame Load (1.0ms)[0m   [0mSELECT * FROM "games" [0m
Rendering template within layouts/games
Rendering games/index
Completed in 29ms (View: 18, DB: 1) | 200 OK [http://localhost/games]


Processing GamesController#index (for 127.0.0.1 at 2009-11-17 12:20:37) [GET]
  [4;36;1mGame Load (1.3ms)[0m   [0;1mSELECT * FROM "games" [0m
Rendering template within layouts/games
Rendering games/index
Completed in 28ms (View: 18, DB: 1) | 200 OK [http://localhost/games]


Processing GamesController#index (for 127.0.0.1 at 2009-11-17 12:21:30) [GET]
  [4;35;1mGame Load (1.0ms)[0m   [0mSELECT * FROM "games" [0m
Rendering template within layouts/games
Rendering games/index
Completed in 27ms (View: 17, DB: 1) | 200 OK [http://localhost/games]


Processing GamesController#index (for 127.0.0.1 at 2009-11-17 12:22:08) [GET]
  [4;36;1mGame Load (1.0ms)[0m   [0;1mSELECT * FROM "games" [0m
Rendering template within layouts/games
Rendering games/index
Completed in 27ms (View: 18, DB: 1) | 200 OK [http://localhost/games]


Processing GamesController#index (for 127.0.0.1 at 2009-11-17 12:22:29) [GET]
  [4;35;1mGame Load (0.8ms)[0m   [0mSELECT * FROM "games" [0m
Rendering template within layouts/games
Rendering games/index
Completed in 26ms (View: 16, DB: 1) | 200 OK [http://localhost/games]


Processing GamesController#index (for 127.0.0.1 at 2009-11-17 12:30:42) [GET]
  [4;36;1mGame Load (0.8ms)[0m   [0;1mSELECT * FROM "games" [0m
Rendering template within layouts/games
Rendering games/index
Completed in 27ms (View: 17, DB: 1) | 200 OK [http://localhost/games]


Processing GamesController#new (for 127.0.0.1 at 2009-11-17 12:30:51) [GET]
Rendering template within layouts/games
Rendering games/new
Completed in 21ms (View: 11, DB: 0) | 200 OK [http://localhost/games/new]


Processing GamesController#create (for 127.0.0.1 at 2009-11-17 12:31:18) [POST]
  Parameters: {"game"=>{"name"=>"Happy Farm", "created_by"=>"Siwei", "description"=>"Online Game"}, "commit"=>"Create", "authenticity_token"=>"39ec1a798914e6847c54d073b6f5cff805f051ee"}
  [4;35;1mGame Exists (0.2ms)[0m   [0mSELECT "games".id FROM "games" WHERE ("games"."name" = 'Happy Farm') LIMIT 1[0m
  [4;36;1mGame Create (0.4ms)[0m   [0;1mINSERT INTO "games" ("name", "created_at", "updated_at", "created_by", "description") VALUES('Happy Farm', '2009-11-17 12:31:18', '2009-11-17 12:31:18', 'Siwei', 'Online Game')[0m
Redirected to #<Game:0xb6c7ec94>
Completed in 24ms (DB: 1) | 302 Found [http://localhost/games]


Processing GamesController#show (for 127.0.0.1 at 2009-11-17 12:31:18) [GET]
  Parameters: {"id"=>"3"}
  [4;35;1mGame Load (0.3ms)[0m   [0mSELECT * FROM "games" WHERE ("games"."id" = 3) [0m
Rendering template within layouts/games
Rendering games/show
Completed in 17ms (View: 5, DB: 0) | 200 OK [http://localhost/games/3]


Processing GamesController#index (for 127.0.0.1 at 2009-11-17 12:31:25) [GET]
  [4;36;1mGame Load (0.9ms)[0m   [0;1mSELECT * FROM "games" [0m
Rendering template within layouts/games
Rendering games/index
Completed in 30ms (View: 20, DB: 1) | 200 OK [http://localhost/games]


Processing GamesController#destroy (for 127.0.0.1 at 2009-11-17 12:46:01) [DELETE]
  Parameters: {"authenticity_token"=>"39ec1a798914e6847c54d073b6f5cff805f051ee", "id"=>"2"}
  [4;35;1mGame Load (0.5ms)[0m   [0mSELECT * FROM "games" WHERE ("games"."id" = 2) [0m
  [4;36;1mGame Destroy (0.5ms)[0m   [0;1mDELETE FROM "games" WHERE "id" = 2[0m
Redirected to http://localhost:3000/games
Completed in 26ms (DB: 1) | 302 Found [http://localhost/games/2]


Processing GamesController#index (for 127.0.0.1 at 2009-11-17 12:46:01) [GET]
  [4;35;1mGame Load (0.8ms)[0m   [0mSELECT * FROM "games" [0m
Rendering template within layouts/games
Rendering games/index
Completed in 42ms (View: 32, DB: 1) | 200 OK [http://localhost/games]


Processing GamesController#new (for 127.0.0.1 at 2009-11-17 12:46:06) [GET]
Rendering template within layouts/games
Rendering games/new
Completed in 20ms (View: 10, DB: 0) | 200 OK [http://localhost/games/new]


Processing GamesController#create (for 127.0.0.1 at 2009-11-17 12:46:30) [POST]
  Parameters: {"game"=>{"name"=>"CS", "created_by"=>"Siwei", "description"=>"Online Shooting Game"}, "commit"=>"Create", "authenticity_token"=>"39ec1a798914e6847c54d073b6f5cff805f051ee"}
  [4;36;1mGame Exists (0.2ms)[0m   [0;1mSELECT "games".id FROM "games" WHERE ("games"."name" = 'CS') LIMIT 1[0m
  [4;35;1mGame Create (0.3ms)[0m   [0mINSERT INTO "games" ("name", "created_at", "updated_at", "created_by", "description") VALUES('CS', '2009-11-17 12:46:30', '2009-11-17 12:46:30', 'Siwei', 'Online Shooting Game')[0m
Redirected to #<Game:0xb6d17c50>
Completed in 20ms (DB: 1) | 302 Found [http://localhost/games]


Processing GamesController#show (for 127.0.0.1 at 2009-11-17 12:46:30) [GET]
  Parameters: {"id"=>"4"}
  [4;36;1mGame Load (0.4ms)[0m   [0;1mSELECT * FROM "games" WHERE ("games"."id" = 4) [0m
Rendering template within layouts/games
Rendering games/show
Completed in 15ms (View: 5, DB: 0) | 200 OK [http://localhost/games/4]


Processing GamesController#index (for 127.0.0.1 at 2009-11-17 12:46:33) [GET]
  [4;35;1mGame Load (1.0ms)[0m   [0mSELECT * FROM "games" [0m
Rendering template within layouts/games
Rendering games/index
Completed in 38ms (View: 28, DB: 1) | 200 OK [http://localhost/games]


Processing GamesController#show (for 127.0.0.1 at 2009-11-17 12:46:59) [GET]
  Parameters: {"id"=>"1"}
  [4;36;1mGame Load (0.3ms)[0m   [0;1mSELECT * FROM "games" WHERE ("games"."id" = 1) [0m
Rendering template within layouts/games
Rendering games/show
Completed in 51ms (View: 5, DB: 0) | 200 OK [http://localhost/games/1]


Processing GamesController#index (for 127.0.0.1 at 2009-11-17 15:23:58) [GET]
  [4;36;1mGame Load (0.9ms)[0m   [0;1mSELECT * FROM "games" [0m
Rendering template within layouts/games
Rendering games/index
Completed in 109ms (View: 99, DB: 1) | 200 OK [http://localhost/games]


Processing GamesController#index (for 127.0.0.1 at 2009-11-17 15:28:41) [GET]
  [4;36;1mGame Load (0.9ms)[0m   [0;1mSELECT * FROM "games" [0m
Rendering template within layouts/games
Rendering games/index
Completed in 64ms (View: 56, DB: 1) | 200 OK [http://localhost/games]


Processing GamesController#index (for 127.0.0.1 at 2009-11-17 15:32:33) [GET]
  [4;35;1mGame Load (0.8ms)[0m   [0mSELECT * FROM "games" [0m
Rendering template within layouts/games
Rendering games/index
Completed in 52ms (View: 42, DB: 1) | 200 OK [http://localhost/games]


Processing GamesController#index (for 127.0.0.1 at 2009-11-17 15:33:01) [GET]
  [4;36;1mGame Load (1.2ms)[0m   [0;1mSELECT * FROM "games" [0m
Rendering template within layouts/games
Rendering games/index
Completed in 32ms (View: 22, DB: 1) | 200 OK [http://localhost/games]


Processing GamesController#index (for 127.0.0.1 at 2009-11-17 15:33:16) [GET]
  [4;35;1mGame Load (0.8ms)[0m   [0mSELECT * FROM "games" [0m
Rendering template within layouts/games
Rendering games/index
Completed in 101ms (View: 91, DB: 1) | 200 OK [http://localhost/games]


Processing GamesController#index (for 127.0.0.1 at 2009-11-17 15:33:40) [GET]
  [4;36;1mGame Load (0.8ms)[0m   [0;1mSELECT * FROM "games" [0m
Rendering template within layouts/games
Rendering games/index
Completed in 50ms (View: 29, DB: 1) | 200 OK [http://localhost/games]


Processing GamesController#edit (for 127.0.0.1 at 2009-11-17 15:36:24) [GET]
  Parameters: {"id"=>"1"}
  [4;35;1mGame Load (0.7ms)[0m   [0mSELECT * FROM "games" WHERE ("games"."id" = 1) [0m
Rendering template within layouts/games
Rendering games/edit
Completed in 33ms (View: 22, DB: 1) | 200 OK [http://localhost/games/1/edit]


Processing GamesController#update (for 127.0.0.1 at 2009-11-17 15:36:37) [PUT]
  Parameters: {"game"=>{"name"=>"WarCraft", "created_by"=>"Blizzard Entertainment", "description"=>"Online Game"}, "commit"=>"Update", "authenticity_token"=>"39ec1a798914e6847c54d073b6f5cff805f051ee", "id"=>"1"}
  [4;36;1mGame Load (0.4ms)[0m   [0;1mSELECT * FROM "games" WHERE ("games"."id" = 1) [0m
  [4;35;1mGame Exists (0.5ms)[0m   [0mSELECT "games".id FROM "games" WHERE ("games"."name" = 'WarCraft' AND "games".id <> 1) LIMIT 1[0m
  [4;36;1mGame Update (0.4ms)[0m   [0;1mUPDATE "games" SET "updated_at" = '2009-11-17 15:36:37', "created_by" = 'Blizzard Entertainment' WHERE "id" = 1[0m
Redirected to #<Game:0xb6edb26c>
Completed in 21ms (DB: 1) | 302 Found [http://localhost/games/1]


Processing GamesController#show (for 127.0.0.1 at 2009-11-17 15:36:37) [GET]
  Parameters: {"id"=>"1"}
  [4;35;1mGame Load (0.3ms)[0m   [0mSELECT * FROM "games" WHERE ("games"."id" = 1) [0m
Rendering template within layouts/games
Rendering games/show
Completed in 16ms (View: 5, DB: 0) | 200 OK [http://localhost/games/1]


Processing GamesController#index (for 127.0.0.1 at 2009-11-17 15:36:40) [GET]
  [4;36;1mGame Load (1.0ms)[0m   [0;1mSELECT * FROM "games" [0m
Rendering template within layouts/games
Rendering games/index
Completed in 30ms (View: 20, DB: 1) | 200 OK [http://localhost/games]


Processing GamesController#edit (for 127.0.0.1 at 2009-11-17 15:37:42) [GET]
  Parameters: {"id"=>"3"}
  [4;35;1mGame Load (0.4ms)[0m   [0mSELECT * FROM "games" WHERE ("games"."id" = 3) [0m
Rendering template within layouts/games
Rendering games/edit
Completed in 23ms (View: 11, DB: 0) | 200 OK [http://localhost/games/3/edit]


Processing GamesController#update (for 127.0.0.1 at 2009-11-17 15:38:19) [PUT]
  Parameters: {"game"=>{"name"=>"StarCraft", "created_by"=>"Blizzard Entertainment", "description"=>"military science fiction real-time strategy video game"}, "commit"=>"Update", "authenticity_token"=>"39ec1a798914e6847c54d073b6f5cff805f051ee", "id"=>"3"}
  [4;36;1mGame Load (0.4ms)[0m   [0;1mSELECT * FROM "games" WHERE ("games"."id" = 3) [0m
  [4;35;1mGame Exists (0.2ms)[0m   [0mSELECT "games".id FROM "games" WHERE ("games"."name" = 'StarCraft' AND "games".id <> 3) LIMIT 1[0m
  [4;36;1mGame Update (0.5ms)[0m   [0;1mUPDATE "games" SET "updated_at" = '2009-11-17 15:38:19', "name" = 'StarCraft', "created_by" = 'Blizzard Entertainment', "description" = 'military science fiction real-time strategy video game' WHERE "id" = 3[0m
Redirected to #<Game:0xb6d6a6d0>
Completed in 21ms (DB: 1) | 302 Found [http://localhost/games/3]


Processing GamesController#show (for 127.0.0.1 at 2009-11-17 15:38:19) [GET]
  Parameters: {"id"=>"3"}
  [4;35;1mGame Load (0.3ms)[0m   [0mSELECT * FROM "games" WHERE ("games"."id" = 3) [0m
Rendering template within layouts/games
Rendering games/show
Completed in 15ms (View: 5, DB: 0) | 200 OK [http://localhost/games/3]


Processing GamesController#index (for 127.0.0.1 at 2009-11-17 15:38:22) [GET]
  [4;36;1mGame Load (0.9ms)[0m   [0;1mSELECT * FROM "games" [0m
Rendering template within layouts/games
Rendering games/index
Completed in 32ms (View: 22, DB: 1) | 200 OK [http://localhost/games]


Processing GamesController#edit (for 127.0.0.1 at 2009-11-17 15:38:39) [GET]
  Parameters: {"id"=>"3"}
  [4;35;1mGame Load (0.4ms)[0m   [0mSELECT * FROM "games" WHERE ("games"."id" = 3) [0m
Rendering template within layouts/games
Rendering games/edit
Completed in 24ms (View: 13, DB: 0) | 200 OK [http://localhost/games/3/edit]


Processing GamesController#update (for 127.0.0.1 at 2009-11-17 15:38:47) [PUT]
  Parameters: {"game"=>{"name"=>"StarCraft", "created_by"=>"Blizzard Entertainment", "description"=>"Military science fiction real-time strategy video game"}, "commit"=>"Update", "authenticity_token"=>"39ec1a798914e6847c54d073b6f5cff805f051ee", "id"=>"3"}
  [4;36;1mGame Load (0.5ms)[0m   [0;1mSELECT * FROM "games" WHERE ("games"."id" = 3) [0m
  [4;35;1mGame Exists (0.2ms)[0m   [0mSELECT "games".id FROM "games" WHERE ("games"."name" = 'StarCraft' AND "games".id <> 3) LIMIT 1[0m
  [4;36;1mGame Update (0.3ms)[0m   [0;1mUPDATE "games" SET "updated_at" = '2009-11-17 15:38:47', "description" = 'Military science fiction real-time strategy video game' WHERE "id" = 3[0m
Redirected to #<Game:0xb6eb0ef4>
Completed in 22ms (DB: 1) | 302 Found [http://localhost/games/3]


Processing GamesController#show (for 127.0.0.1 at 2009-11-17 15:38:47) [GET]
  Parameters: {"id"=>"3"}
  [4;35;1mGame Load (0.3ms)[0m   [0mSELECT * FROM "games" WHERE ("games"."id" = 3) [0m
Rendering template within layouts/games
Rendering games/show
Completed in 15ms (View: 5, DB: 0) | 200 OK [http://localhost/games/3]


Processing GamesController#index (for 127.0.0.1 at 2009-11-17 15:38:50) [GET]
  [4;36;1mGame Load (1.0ms)[0m   [0;1mSELECT * FROM "games" [0m
Rendering template within layouts/games
Rendering games/index
Completed in 34ms (View: 23, DB: 1) | 200 OK [http://localhost/games]


Processing GamesController#edit (for 127.0.0.1 at 2009-11-17 15:38:56) [GET]
  Parameters: {"id"=>"3"}
  [4;35;1mGame Load (0.5ms)[0m   [0mSELECT * FROM "games" WHERE ("games"."id" = 3) [0m
Rendering template within layouts/games
Rendering games/edit
Completed in 32ms (View: 22, DB: 1) | 200 OK [http://localhost/games/3/edit]


Processing GamesController#update (for 127.0.0.1 at 2009-11-17 15:39:28) [PUT]
  Parameters: {"game"=>{"name"=>"StarCraft", "created_by"=>"Blizzard Entertainment", "description"=>"Military Science Fiction Real-Time Strategy Video Game"}, "commit"=>"Update", "authenticity_token"=>"39ec1a798914e6847c54d073b6f5cff805f051ee", "id"=>"3"}
  [4;36;1mGame Load (0.5ms)[0m   [0;1mSELECT * FROM "games" WHERE ("games"."id" = 3) [0m
  [4;35;1mGame Exists (0.3ms)[0m   [0mSELECT "games".id FROM "games" WHERE ("games"."name" = 'StarCraft' AND "games".id <> 3) LIMIT 1[0m
  [4;36;1mGame Update (0.3ms)[0m   [0;1mUPDATE "games" SET "updated_at" = '2009-11-17 15:39:28', "description" = 'Military Science Fiction Real-Time Strategy Video Game' WHERE "id" = 3[0m
Redirected to #<Game:0xb6d40c54>
Completed in 19ms (DB: 1) | 302 Found [http://localhost/games/3]


Processing GamesController#show (for 127.0.0.1 at 2009-11-17 15:39:28) [GET]
  Parameters: {"id"=>"3"}
  [4;35;1mGame Load (0.4ms)[0m   [0mSELECT * FROM "games" WHERE ("games"."id" = 3) [0m
Rendering template within layouts/games
Rendering games/show
Completed in 16ms (View: 5, DB: 0) | 200 OK [http://localhost/games/3]


Processing GamesController#index (for 127.0.0.1 at 2009-11-17 15:39:31) [GET]
  [4;36;1mGame Load (0.9ms)[0m   [0;1mSELECT * FROM "games" [0m
Rendering template within layouts/games
Rendering games/index
Completed in 33ms (View: 23, DB: 1) | 200 OK [http://localhost/games]


Processing GamesController#edit (for 127.0.0.1 at 2009-11-17 15:43:51) [GET]
  Parameters: {"id"=>"4"}
  [4;35;1mGame Load (0.5ms)[0m   [0mSELECT * FROM "games" WHERE ("games"."id" = 4) [0m
Rendering template within layouts/games
Rendering games/edit
Completed in 23ms (View: 12, DB: 1) | 200 OK [http://localhost/games/4/edit]


Processing GamesController#update (for 127.0.0.1 at 2009-11-17 15:45:05) [PUT]
  Parameters: {"game"=>{"name"=>"Skies of War", "created_by"=>"Oberon Media", "description"=>"Online Game"}, "commit"=>"Update", "authenticity_token"=>"39ec1a798914e6847c54d073b6f5cff805f051ee", "id"=>"4"}
  [4;36;1mGame Load (0.6ms)[0m   [0;1mSELECT * FROM "games" WHERE ("games"."id" = 4) [0m
  [4;35;1mGame Exists (0.3ms)[0m   [0mSELECT "games".id FROM "games" WHERE ("games"."name" = 'Skies of War' AND "games".id <> 4) LIMIT 1[0m
  [4;36;1mGame Update (0.3ms)[0m   [0;1mUPDATE "games" SET "updated_at" = '2009-11-17 15:45:05', "name" = 'Skies of War', "created_by" = 'Oberon Media', "description" = 'Online Game' WHERE "id" = 4[0m
Redirected to #<Game:0xb6eab530>
Completed in 19ms (DB: 1) | 302 Found [http://localhost/games/4]


Processing GamesController#show (for 127.0.0.1 at 2009-11-17 15:45:05) [GET]
  Parameters: {"id"=>"4"}
  [4;35;1mGame Load (0.4ms)[0m   [0mSELECT * FROM "games" WHERE ("games"."id" = 4) [0m
Rendering template within layouts/games
Rendering games/show
Completed in 17ms (View: 6, DB: 0) | 200 OK [http://localhost/games/4]


Processing GamesController#index (for 127.0.0.1 at 2009-11-17 15:45:07) [GET]
  [4;36;1mGame Load (1.0ms)[0m   [0;1mSELECT * FROM "games" [0m
Rendering template within layouts/games
Rendering games/index
Completed in 36ms (View: 22, DB: 1) | 200 OK [http://localhost/games]


Processing GamesController#new (for 127.0.0.1 at 2009-11-17 15:45:22) [GET]
Rendering template within layouts/games
Rendering games/new
Completed in 37ms (View: 9, DB: 0) | 200 OK [http://localhost/games/new]


Processing GamesController#create (for 127.0.0.1 at 2009-11-17 15:45:30) [POST]
  Parameters: {"game"=>{"name"=>"WarCraft", "created_by"=>"", "description"=>""}, "commit"=>"Create", "authenticity_token"=>"39ec1a798914e6847c54d073b6f5cff805f051ee"}
  [4;35;1mGame Exists (0.3ms)[0m   [0mSELECT "games".id FROM "games" WHERE ("games"."name" = 'WarCraft') LIMIT 1[0m
Rendering template within layouts/games
Rendering games/new
Completed in 28ms (View: 11, DB: 0) | 200 OK [http://localhost/games]


Processing GamesController#index (for 127.0.0.1 at 2009-11-17 15:45:37) [GET]
  [4;36;1mGame Load (1.3ms)[0m   [0;1mSELECT * FROM "games" [0m
Rendering template within layouts/games
Rendering games/index
Completed in 34ms (View: 23, DB: 1) | 200 OK [http://localhost/games]


Processing GamesController#edit (for 127.0.0.1 at 2009-11-17 15:46:33) [GET]
  Parameters: {"id"=>"1"}
  [4;35;1mGame Load (0.3ms)[0m   [0mSELECT * FROM "games" WHERE ("games"."id" = 1) [0m
Rendering template within layouts/games
Rendering games/edit
Completed in 19ms (View: 10, DB: 0) | 200 OK [http://localhost/games/1/edit]


Processing GamesController#update (for 127.0.0.1 at 2009-11-17 15:47:00) [PUT]
  Parameters: {"game"=>{"name"=>"WarCraft", "created_by"=>"Blizzard Entertainment", "description"=>"Multiplayer Online Role-playing Game"}, "commit"=>"Update", "authenticity_token"=>"39ec1a798914e6847c54d073b6f5cff805f051ee", "id"=>"1"}
  [4;36;1mGame Load (0.6ms)[0m   [0;1mSELECT * FROM "games" WHERE ("games"."id" = 1) [0m
  [4;35;1mGame Exists (0.5ms)[0m   [0mSELECT "games".id FROM "games" WHERE ("games"."name" = 'WarCraft' AND "games".id <> 1) LIMIT 1[0m
  [4;36;1mGame Update (0.3ms)[0m   [0;1mUPDATE "games" SET "updated_at" = '2009-11-17 15:47:00', "description" = 'Multiplayer Online Role-playing Game' WHERE "id" = 1[0m
Redirected to #<Game:0xb6ef2bd8>
Completed in 20ms (DB: 1) | 302 Found [http://localhost/games/1]


Processing GamesController#show (for 127.0.0.1 at 2009-11-17 15:47:00) [GET]
  Parameters: {"id"=>"1"}
  [4;35;1mGame Load (0.3ms)[0m   [0mSELECT * FROM "games" WHERE ("games"."id" = 1) [0m
Rendering template within layouts/games
Rendering games/show
Completed in 16ms (View: 6, DB: 0) | 200 OK [http://localhost/games/1]


Processing GamesController#index (for 127.0.0.1 at 2009-11-17 15:47:02) [GET]
  [4;36;1mGame Load (1.0ms)[0m   [0;1mSELECT * FROM "games" [0m
Rendering template within layouts/games
Rendering games/index
Completed in 34ms (View: 24, DB: 1) | 200 OK [http://localhost/games]


Processing GamesController#edit (for 127.0.0.1 at 2009-11-17 15:51:37) [GET]
  Parameters: {"id"=>"1"}
  [4;35;1mGame Load (0.4ms)[0m   [0mSELECT * FROM "games" WHERE ("games"."id" = 1) [0m
Rendering template within layouts/games
Rendering games/edit
Completed in 22ms (View: 12, DB: 0) | 200 OK [http://localhost/games/1/edit]


Processing GamesController#update (for 127.0.0.1 at 2009-11-17 15:52:41) [PUT]
  Parameters: {"game"=>{"name"=>"Zoo Tycoon 2: Dino Danger Pack", "created_by"=>"Oberon Media", "description"=>"Online Casual Game"}, "commit"=>"Update", "authenticity_token"=>"39ec1a798914e6847c54d073b6f5cff805f051ee", "id"=>"1"}
  [4;36;1mGame Load (0.4ms)[0m   [0;1mSELECT * FROM "games" WHERE ("games"."id" = 1) [0m
  [4;35;1mGame Exists (0.2ms)[0m   [0mSELECT "games".id FROM "games" WHERE ("games"."name" = 'Zoo Tycoon 2: Dino Danger Pack' AND "games".id <> 1) LIMIT 1[0m
  [4;36;1mGame Update (0.3ms)[0m   [0;1mUPDATE "games" SET "updated_at" = '2009-11-17 15:52:41', "name" = 'Zoo Tycoon 2: Dino Danger Pack', "created_by" = 'Oberon Media', "description" = 'Online Casual Game' WHERE "id" = 1[0m
Redirected to #<Game:0xb6d807a0>
Completed in 25ms (DB: 1) | 302 Found [http://localhost/games/1]


Processing GamesController#show (for 127.0.0.1 at 2009-11-17 15:52:41) [GET]
  Parameters: {"id"=>"1"}
  [4;35;1mGame Load (0.3ms)[0m   [0mSELECT * FROM "games" WHERE ("games"."id" = 1) [0m
Rendering template within layouts/games
Rendering games/show
Completed in 18ms (View: 5, DB: 0) | 200 OK [http://localhost/games/1]


Processing GamesController#index (for 127.0.0.1 at 2009-11-17 15:52:43) [GET]
  [4;36;1mGame Load (0.8ms)[0m   [0;1mSELECT * FROM "games" [0m
Rendering template within layouts/games
Rendering games/index
Completed in 32ms (View: 22, DB: 1) | 200 OK [http://localhost/games]


Processing GamesController#edit (for 127.0.0.1 at 2009-11-17 15:58:21) [GET]
  Parameters: {"id"=>"3"}
  [4;35;1mGame Load (0.4ms)[0m   [0mSELECT * FROM "games" WHERE ("games"."id" = 3) [0m
Rendering template within layouts/games
Rendering games/edit
Completed in 24ms (View: 13, DB: 0) | 200 OK [http://localhost/games/3/edit]


Processing GamesController#update (for 127.0.0.1 at 2009-11-17 15:59:21) [PUT]
  Parameters: {"game"=>{"name"=>"Master Qwan’s Mahjong Deluxe", "created_by"=>"Oberon Media", "description"=>"Online Casual Game"}, "commit"=>"Update", "authenticity_token"=>"39ec1a798914e6847c54d073b6f5cff805f051ee", "id"=>"3"}
  [4;36;1mGame Load (0.4ms)[0m   [0;1mSELECT * FROM "games" WHERE ("games"."id" = 3) [0m
  [4;35;1mGame Exists (0.2ms)[0m   [0mSELECT "games".id FROM "games" WHERE ("games"."name" = 'Master Qwan’s Mahjong Deluxe' AND "games".id <> 3) LIMIT 1[0m
  [4;36;1mGame Update (0.3ms)[0m   [0;1mUPDATE "games" SET "updated_at" = '2009-11-17 15:59:21', "name" = 'Master Qwan’s Mahjong Deluxe', "created_by" = 'Oberon Media', "description" = 'Online Casual Game' WHERE "id" = 3[0m
Redirected to #<Game:0xb6ef4974>
Completed in 28ms (DB: 1) | 302 Found [http://localhost/games/3]


Processing GamesController#show (for 127.0.0.1 at 2009-11-17 15:59:21) [GET]
  Parameters: {"id"=>"3"}
  [4;35;1mGame Load (0.3ms)[0m   [0mSELECT * FROM "games" WHERE ("games"."id" = 3) [0m
Rendering template within layouts/games
Rendering games/show
Completed in 16ms (View: 6, DB: 0) | 200 OK [http://localhost/games/3]


Processing GamesController#index (for 127.0.0.1 at 2009-11-17 15:59:23) [GET]
  [4;36;1mGame Load (1.0ms)[0m   [0;1mSELECT * FROM "games" [0m
Rendering template within layouts/games
Rendering games/index
Completed in 31ms (View: 21, DB: 1) | 200 OK [http://localhost/games]


Processing GamesController#index (for 127.0.0.1 at 2009-11-17 16:01:15) [GET]
  [4;35;1mGame Load (0.9ms)[0m   [0mSELECT * FROM "games" [0m
Rendering template within layouts/games
Rendering games/index
Completed in 34ms (View: 24, DB: 1) | 200 OK [http://localhost/games]


Processing GamesController#index (for 127.0.0.1 at 2009-11-17 16:01:45) [GET]
  [4;36;1mGame Load (0.9ms)[0m   [0;1mSELECT * FROM "games" [0m
Rendering template within layouts/games
Rendering games/index
Completed in 33ms (View: 24, DB: 1) | 200 OK [http://localhost/games]


Processing GamesController#index (for 127.0.0.1 at 2009-11-17 16:05:49) [GET]
  [4;35;1mGame Load (1.1ms)[0m   [0mSELECT * FROM "games" [0m
Rendering template within layouts/games
Rendering games/index
Completed in 33ms (View: 23, DB: 1) | 200 OK [http://localhost/games]


Processing GamesController#index (for 127.0.0.1 at 2009-11-17 16:07:41) [GET]
  [4;36;1mGame Load (1.3ms)[0m   [0;1mSELECT * FROM "games" [0m
Rendering template within layouts/games
Rendering games/index
Completed in 42ms (View: 22, DB: 1) | 200 OK [http://localhost/games]


Processing GamesController#index (for 127.0.0.1 at 2009-11-17 16:19:41) [GET]
  [4;35;1mGame Load (0.9ms)[0m   [0mSELECT * FROM "games" [0m
Rendering template within layouts/games
Rendering games/index
Completed in 32ms (View: 22, DB: 1) | 200 OK [http://localhost/games]


Processing GamesController#index (for 127.0.0.1 at 2009-11-17 16:49:09) [GET]
  [4;36;1mGame Load (1.0ms)[0m   [0;1mSELECT * FROM "games" [0m
Rendering template within layouts/games
Rendering games/index
Completed in 181ms (View: 159, DB: 1) | 200 OK [http://localhost/games]


Processing GamesController#index (for 127.0.0.1 at 2009-11-18 14:26:15) [GET]
  [4;36;1mGame Load (1.0ms)[0m   [0;1mSELECT * FROM "games" [0m
Rendering template within layouts/games
Rendering games/index
Completed in 121ms (View: 112, DB: 1) | 200 OK [http://localhost/games]


Processing GamesController#index (for 127.0.0.1 at 2009-11-18 19:44:45) [GET]
  [4;36;1mGame Load (1.3ms)[0m   [0;1mSELECT * FROM "games" [0m
Rendering template within layouts/games
Rendering games/index
Completed in 67ms (View: 57, DB: 1) | 200 OK [http://localhost/games]


Processing GamesController#new (for 127.0.0.1 at 2009-11-18 19:44:48) [GET]
Rendering template within layouts/games
Rendering games/new
Completed in 23ms (View: 11, DB: 0) | 200 OK [http://localhost/games/new]


Processing GamesController#create (for 127.0.0.1 at 2009-11-18 19:44:51) [POST]
  Parameters: {"game"=>{"name"=>"", "created_by"=>"", "description"=>""}, "commit"=>"Create", "authenticity_token"=>"90364ff0c3fdac205343a24bce09e71cef147b8f"}
  [4;35;1mGame Exists (0.4ms)[0m   [0mSELECT "games".id FROM "games" WHERE ("games"."name" = '') LIMIT 1[0m
Rendering template within layouts/games
Rendering games/new
Completed in 76ms (View: 13, DB: 0) | 200 OK [http://localhost/games]


Processing GamesController#index (for 127.0.0.1 at 2009-11-18 19:44:54) [GET]
  [4;36;1mGame Load (1.2ms)[0m   [0;1mSELECT * FROM "games" [0m
Rendering template within layouts/games
Rendering games/index
Completed in 33ms (View: 23, DB: 1) | 200 OK [http://localhost/games]
